<?xml version="1.0" encoding="utf-8"?><testsuites><testsuite name="pytest" errors="0" failures="0" skipped="0" tests="8" time="0.421" timestamp="2024-08-10T22:02:24.194041-04:00" hostname="Dingkuns-MBP.attlocal.net"><testcase classname="tests.test_extract_countries" name="test_get_contents_of_file" time="0.011" /><testcase classname="tests.test_extract_countries" name="test_get_country_dict" time="0.000" /><testcase classname="tests.test_extract_countries" name="test_print_results" time="0.001" /><testcase classname="tests.test_scrape_website" name="test_scrape_website" time="0.167" /><testcase classname="tests.test_shopping_list" name="test_change_shopping_list" time="0.001" /><testcase classname="tests.test_slack_add" name="test_add_two_numbers" time="0.001" /><testcase classname="tests.test_speech" name="test_analyse_word_counts" time="0.001" /><testcase classname="tests.test_the_meaning_of_life" name="test_the_meaning_of_life" time="0.001" /></testsuite></testsuites>